RAW:
C401C10001060203090C07DE02120216000000FFC400112006123456780203090C07DE02120200000000FFC40011000687654321020300112006223344550203090C07DE02120204000000FFC400110006112233440203001120066655443302030011800611000077
XML:
<GetResponse>
  <GetResponseNormal>
    <InvokeIdAndPriority Value="C1" />
    <Result>
      <Data>
        <Array Qty="06" >
          <Structure Qty="03" >
            <OctetString Value="07DE02120216000000FFC400" />
            <UInt8 Value="20" />
            <UInt32 Value="12345678" />
          </Structure>
          <Structure Qty="03" >
            <OctetString Value="07DE02120200000000FFC400" />
            <UInt8 Value="00" />
            <UInt32 Value="87654321" />
          </Structure>
          <Structure Qty="03" >
            <None />
            <UInt8 Value="20" />
            <UInt32 Value="22334455" />
          </Structure>
          <Structure Qty="03" >
            <OctetString Value="07DE02120204000000FFC400" />
            <UInt8 Value="00" />
            <UInt32 Value="11223344" />
          </Structure>
          <Structure Qty="03" >
            <None />
            <UInt8 Value="20" />
            <UInt32 Value="66554433" />
          </Structure>
          <Structure Qty="03" >
            <None />
            <UInt8 Value="80" />
            <UInt32 Value="11000077" />
          </Structure>
        </Array>
      </Data>
    </Result>
  </GetResponseNormal>
</GetResponse>

PDU:
CC7A3000000001381BEF83F03232FEE0C9EEDCDE69BFE049EEB5FE581AC2DF059AD5EFB2029524C97369F32A7F06C28B4D4621B243A64D16BD3F2A022CFAD158F5DA557A9E0A8FEAE257839C3AE94C161FCE47A029090EACBAA8BF51298F0210254B32F7BB65512A56A812BC0376B3640A9D5C9A6FD4E24D63F56EB2
Ciphered CMD Decrypted PDU:
C401C10001060203090C07DE02120216000000FFC400112006123456780203090C07DE02120200000000FFC40011000687654321020300112006223344550203090C07DE02120204000000FFC400110006112233440203001120066655443302030011800611000077
Wrapper:
000100010001007CCC7A3000000001381BEF83F03232FEE0C9EEDCDE69BFE049EEB5FE581AC2DF059AD5EFB2029524C97369F32A7F06C28B4D4621B243A64D16BD3F2A022CFAD158F5DA557A9E0A8FEAE257839C3AE94C161FCE47A029090EACBAA8BF51298F0210254B32F7BB65512A56A812BC0376B3640A9D5C9A6FD4E24D63F56EB2
=====================================================================
RAW:
000100010001006EDB0834350140901520036330000000856CA7005CEE7F7FB0206B8863F9D856D8F308A81132A4BAD9F864F1E9496A6C34DE3A73F6858E96EFE2B2720908D36B70F733BEFA067D8ADD0C6E0E90E5B303A85791B29CDEBBCEB2B414C5D0D72E5C138107CE03B57DA1CCA4AAE11D4DB6
XML:
<GeneralGloCiphering>
  <SystemTitle Value="3435014090152003" />
  <CipheredService Value="30000000856CA7005CEE7F7FB0206B8863F9D856D8F308A81132A4BAD9F864F1E9496A6C34DE3A73F6858E96EFE2B2720908D36B70F733BEFA067D8ADD0C6E0E90E5B303A85791B29CDEBBCEB2B414C5D0D72E5C138107CE03B57DA1CCA4AAE11D4DB6" />
</GeneralGloCiphering>

PDU:
DB0834350140901520036330000000856CA7005CEE7F7FB0206B8863F9D856D8F308A81132A4BAD9F864F1E9496A6C34DE3A73F6858E96EFE2B2720908D36B70F733BEFA067D8ADD0C6E0E90E5B303A85791B29CDEBBCEB2B414C5D0D72E5C138107CE03B57DA1CCA4AAE11D4DB6
Ciphered CMD Decrypted PDU:
0F0000000000020109483065253E6800C10101001F00A200000000004F00000000036522375000000000004F00000000652388D000000000004F000000006524DA5000000000004F00000000050000000400
Wrapper:
000100010001006EDB0834350140901520036330000000856CA7005CEE7F7FB0206B8863F9D856D8F308A81132A4BAD9F864F1E9496A6C34DE3A73F6858E96EFE2B2720908D36B70F733BEFA067D8ADD0C6E0E90E5B303A85791B29CDEBBCEB2B414C5D0D72E5C138107CE03B57DA1CCA4AAE11D4DB6
=====================================================================
RAW:
000100100001001F601DA109060760857405080101BE10040E01000000065F1F04000000190400
XML:
<AssociationRequest>
  <ApplicationContextName Value="LN" />
  <InitiateRequest>
    <ProposedDlmsVersionNumber Value="06" />
    <ProposedConformance>
      <ConformanceBit Name="Get" />
      <ConformanceBit Name="Set" />
      <ConformanceBit Name="Action" />
    </ProposedConformance>
    <ProposedMaxPduSize Value="0400" />
  </InitiateRequest>
</AssociationRequest>

PDU:
604EA109060760857405080103A60A04083435014090152003A9030201FF8A0207808B0760857405080200BE230421211F3000000001FD1A2E83F76B2FF9E9C5E91BD87B55D7811012A60C7ADA342CA1
Encrypted PDU:
DB0834350140901520036130000000019C548F8AF73350789DC0E103DFDDB7F241DA8000DC8AC6DF0021E2BBCBFF1C2FC2F43CF658F872C7834FB95B9156876A8EE87C0B002E07DA56700F0D1132E1490AF58826CBFF6A5804B9C2C2BE1D34AF3A40383FC248866AAA56A898
Wrapper:
0001000100010050604EA109060760857405080103A60A04083435014090152003A9030201FF8A0207808B0760857405080200BE230421211F3000000001FD1A2E83F76B2FF9E9C5E91BD87B55D7811012A60C7ADA342CA1
=====================================================================
RAW:
601DA109060760857405080101BE10040E01000000065F1F04000000190400
XML:
<AssociationRequest>
  <ApplicationContextName Value="LN" />
  <InitiateRequest>
    <ProposedDlmsVersionNumber Value="06" />
    <ProposedConformance>
      <ConformanceBit Name="Get" />
      <ConformanceBit Name="Set" />
      <ConformanceBit Name="Action" />
    </ProposedConformance>
    <ProposedMaxPduSize Value="0400" />
  </InitiateRequest>
</AssociationRequest>

PDU:
604EA109060760857405080103A60A04083435014090152003A9030201FF8A0207808B0760857405080200BE230421211F3000000001FD1A2E83F76B2FF9E9C5E91BD87B55D7811012A60C7ADA342CA1
Encrypted PDU:
DB0834350140901520036130000000019C548F8AF73350789DC0E103DFDDB7F241DA8000DC8AC6DF0021E2BBCBFF1C2FC2F43CF658F872C7834FB95B9156876A8EE87C0B002E07DA56700F0D1132E1490AF58826CBFF6A5804B9C2C2BE1D34AF3A40383FC248866AAA56A898
Wrapper:
0001000100010050604EA109060760857405080103A60A04083435014090152003A9030201FF8A0207808B0760857405080200BE230421211F3000000001FD1A2E83F76B2FF9E9C5E91BD87B55D7811012A60C7ADA342CA1
=====================================================================
RAW:
00010001001000376135A109060760857405080101A203020100A305A103020100A40A04083435014090152003BE10040E0800065F1F040000001000E50007
XML:
<AssociationResponse>
  <ApplicationContextName Value="LN" />
  <AssociationResult Value="00" />
  <ResultSourceDiagnostic>
    <ACSEServiceUser Value="00" />
  </ResultSourceDiagnostic>
  <RespondingAPTitle Value="3435014090152003" />
  <InitiateResponse>
    <NegotiatedDlmsVersionNumber Value="06" />
    <NegotiatedConformance>
      <ConformanceBit Name="Get" />
    </NegotiatedConformance>
    <NegotiatedMaxPduSize Value="00E5" />
    <VaaName Value="0007" />
  </InitiateResponse>
</AssociationResponse>

Security=48
SystemTitle=34 35 01 40 90 15 20 03
AuthenticationKey=D0 D1 D2 D3 D4 D5 D6 D7 D8 D9 DA DB DC DD DE DF
BlockCipherKey=35 F0 60 DE D4 01 76 70 84 8D 15 75 C8 3D 85 59
FrameCounter=1
Encpypt data: 08 00 06 5F 1F 04 00 00 00 10 00 E5 00 07
PDU:
6148A109060760857405080103A203020100A305A103020100A40A04083435014090152003BE230421281F3000000001F41A28DCEE3030FDE9D5E9E7DC7C05615851AEA0CFFA850E1741
Encrypted PDU:
DB0834350140901520035B30000000019D528F8AF73350789DC0E103DFD9BEF448EE16043D19D1FE032CEBBDC234A32C85E4A2D13BC325C6AA65A6D5B252A64A65C254D7EE1FCA3D91261181E2B70DEDBBBFFEFD51D26E46015ED2D4B3934938B56C59626E8F
Wrapper:
000100010001004A6148A109060760857405080103A203020100A305A103020100A40A04083435014090152003BE230421281F3000000001F41A28DCEE3030FDE9D5E9E7DC7C05615851AEA0CFFA850E1741
=====================================================================
RAW:
6135A109060760857405080101A203020100A305A103020100A40A04083435014090152003BE10040E0800065F1F040000001000E50007
XML:
<AssociationResponse>
  <ApplicationContextName Value="LN" />
  <AssociationResult Value="00" />
  <ResultSourceDiagnostic>
    <ACSEServiceUser Value="00" />
  </ResultSourceDiagnostic>
  <RespondingAPTitle Value="3435014090152003" />
  <InitiateResponse>
    <NegotiatedDlmsVersionNumber Value="06" />
    <NegotiatedConformance>
      <ConformanceBit Name="Get" />
    </NegotiatedConformance>
    <NegotiatedMaxPduSize Value="00E5" />
    <VaaName Value="0007" />
  </InitiateResponse>
</AssociationResponse>

Security=48
SystemTitle=34 35 01 40 90 15 20 03
AuthenticationKey=D0 D1 D2 D3 D4 D5 D6 D7 D8 D9 DA DB DC DD DE DF
BlockCipherKey=35 F0 60 DE D4 01 76 70 84 8D 15 75 C8 3D 85 59
FrameCounter=1
Encpypt data: 08 00 06 5F 1F 04 00 00 00 10 00 E5 00 07
PDU:
6148A109060760857405080103A203020100A305A103020100A40A04083435014090152003BE230421281F3000000001F41A28DCEE3030FDE9D5E9E7DC7C05615851AEA0CFFA850E1741
Encrypted PDU:
DB0834350140901520035B30000000019D528F8AF73350789DC0E103DFD9BEF448EE16043D19D1FE032CEBBDC234A32C85E4A2D13BC325C6AA65A6D5B252A64A65C254D7EE1FCA3D91261181E2B70DEDBBBFFEFD51D26E46015ED2D4B3934938B56C59626E8F
Wrapper:
000100010001004A6148A109060760857405080103A203020100A305A103020100A40A04083435014090152003BE230421281F3000000001F41A28DCEE3030FDE9D5E9E7DC7C05615851AEA0CFFA850E1741
=====================================================================
RAW:
000100100001000DC00141000100002B0101FF0200
XML:
<GetRequest>
  <GetRequestNormal>
    <InvokeIdAndPriority Value="41" />
    <AttributeDescriptor>
      <ClassId Value="0001" />
      <InstanceId Value="00002B0101FF" />
      <AttributeId Value="02" />
    </AttributeDescriptor>
  </GetRequestNormal>
</GetRequest>

PDU:
C81E30000000013C1B6F83F03430D6E8C41600DCCB97DC922FF00F9EFAC6E711
Ciphered CMD Decrypted PDU:
C00141000100002B0101FF0200
Wrapper:
0001000100010020C81E30000000013C1B6F83F03430D6E8C41600DCCB97DC922FF00F9EFAC6E711
=====================================================================
RAW:
C00141000100002B0101FF0200
XML:
<GetRequest>
  <GetRequestNormal>
    <InvokeIdAndPriority Value="41" />
    <AttributeDescriptor>
      <ClassId Value="0001" />
      <InstanceId Value="00002B0101FF" />
      <AttributeId Value="02" />
    </AttributeDescriptor>
  </GetRequestNormal>
</GetRequest>

PDU:
C81E30000000013C1B6F83F03430D6E8C41600DCCB97DC922FF00F9EFAC6E711
Ciphered CMD Decrypted PDU:
C00141000100002B0101FF0200
Wrapper:
0001000100010020C81E30000000013C1B6F83F03430D6E8C41600DCCB97DC922FF00F9EFAC6E711
=====================================================================
RAW:
0001000100100009C40141000600000004
XML:
<GetResponse>
  <GetResponseNormal>
    <InvokeIdAndPriority Value="41" />
    <Result>
      <Data>
        <UInt32 Value="00000004" />
      </Data>
    </Result>
  </GetResponseNormal>
</GetResponse>

PDU:
CC1A3000000001381B6F83F73430FDEDB0CB9B966D5DB5BEAF81B898
Ciphered CMD Decrypted PDU:
C40141000600000004
Wrapper:
000100010001001CCC1A3000000001381B6F83F73430FDEDB0CB9B966D5DB5BEAF81B898
=====================================================================
RAW:
C40141000600000004
XML:
<GetResponse>
  <GetResponseNormal>
    <InvokeIdAndPriority Value="41" />
    <Result>
      <Data>
        <UInt32 Value="00000004" />
      </Data>
    </Result>
  </GetResponseNormal>
</GetResponse>

PDU:
CC1A3000000001381B6F83F73430FDEDB0CB9B966D5DB5BEAF81B898
Ciphered CMD Decrypted PDU:
C40141000600000004
Wrapper:
000100010001001CCC1A3000000001381B6F83F73430FDEDB0CB9B966D5DB5BEAF81B898
=====================================================================
RAW:
000100100001000DC00142000100002A0000FF0200
XML:
<GetRequest>
  <GetRequestNormal>
    <InvokeIdAndPriority Value="42" />
    <AttributeDescriptor>
      <ClassId Value="0001" />
      <InstanceId Value="00002A0000FF" />
      <AttributeId Value="02" />
    </AttributeDescriptor>
  </GetRequestNormal>
</GetRequest>

PDU:
C81E30000000013C1B6C83F03430D7E9C51600DC343FC9D6AC9D881EC5408E0D
Ciphered CMD Decrypted PDU:
C00142000100002A0000FF0200
Wrapper:
0001000100010020C81E30000000013C1B6C83F03430D7E9C51600DC343FC9D6AC9D881EC5408E0D
=====================================================================
RAW:
C00142000100002A0000FF0200
XML:
<GetRequest>
  <GetRequestNormal>
    <InvokeIdAndPriority Value="42" />
    <AttributeDescriptor>
      <ClassId Value="0001" />
      <InstanceId Value="00002A0000FF" />
      <AttributeId Value="02" />
    </AttributeDescriptor>
  </GetRequestNormal>
</GetRequest>

PDU:
C81E30000000013C1B6C83F03430D7E9C51600DC343FC9D6AC9D881EC5408E0D
Ciphered CMD Decrypted PDU:
C00142000100002A0000FF0200
Wrapper:
0001000100010020C81E30000000013C1B6C83F03430D7E9C51600DC343FC9D6AC9D881EC5408E0D
=====================================================================
RAW:
0001000100100016C401420009104D495430303332303135393034303031
XML:
<GetResponse>
  <GetResponseNormal>
    <InvokeIdAndPriority Value="42" />
    <Result>
      <Data>
        <OctetString Value="4D495430303332303135393034303031" />
      </Data>
    </Result>
  </GetResponseNormal>
</GetResponse>

PDU:
CC273000000001381B6C83F8247DB4BDF5D931EE4B8CC370DE8131AC2B1D891CD95F0019DDEDA5101A
Ciphered CMD Decrypted PDU:
C401420009104D495430303332303135393034303031
Wrapper:
0001000100010029CC273000000001381B6C83F8247DB4BDF5D931EE4B8CC370DE8131AC2B1D891CD95F0019DDEDA5101A
=====================================================================
RAW:
C401420009104D495430303332303135393034303031
XML:
<GetResponse>
  <GetResponseNormal>
    <InvokeIdAndPriority Value="42" />
    <Result>
      <Data>
        <OctetString Value="4D495430303332303135393034303031" />
      </Data>
    </Result>
  </GetResponseNormal>
</GetResponse>

PDU:
CC273000000001381B6C83F8247DB4BDF5D931EE4B8CC370DE8131AC2B1D891CD95F0019DDEDA5101A
Ciphered CMD Decrypted PDU:
C401420009104D495430303332303135393034303031
Wrapper:
0001000100010029CC273000000001381B6C83F8247DB4BDF5D931EE4B8CC370DE8131AC2B1D891CD95F0019DDEDA5101A
=====================================================================
RAW:
0001000100010029DB0800000000000000001E30000000053DB018E456775A302D7A5AF064E8062F88CDA3000EE79E8208
XML:
<GeneralGloCiphering>
  <SystemTitle Value="0000000000000000" />
  <CipheredService Value="30000000053DB018E456775A302D7A5AF064E8062F88CDA3000EE79E8208" />
</GeneralGloCiphering>

PDU:
DB0800000000000000001E30000000053DB018E456775A302D7A5AF064E8062F88CDA3000EE79E8208
Ciphered CMD Decrypted PDU:
C0014100080000010000FF0200
Wrapper:
0001000100010029DB0800000000000000001E30000000053DB018E456775A302D7A5AF064E8062F88CDA3000EE79E8208
=====================================================================
RAW:
DB0800000000000000001E30000000053DB018E456775A302D7A5AF064E8062F88CDA3000EE79E8208
XML:
<GeneralGloCiphering>
  <SystemTitle Value="0000000000000000" />
  <CipheredService Value="30000000053DB018E456775A302D7A5AF064E8062F88CDA3000EE79E8208" />
</GeneralGloCiphering>

PDU:
DB0800000000000000001E30000000053DB018E456775A302D7A5AF064E8062F88CDA3000EE79E8208
Ciphered CMD Decrypted PDU:
C0014100080000010000FF0200
Wrapper:
0001000100010029DB0800000000000000001E30000000053DB018E456775A302D7A5AF064E8062F88CDA3000EE79E8208
=====================================================================
RAW:
C0014100080000010000FF0200
XML:
<GetRequest>
  <GetRequestNormal>
    <InvokeIdAndPriority Value="41" />
    <AttributeDescriptor>
      <ClassId Value="0008" />
      <InstanceId Value="0000010000FF" />
      <AttributeId Value="02" />
    </AttributeDescriptor>
  </GetRequestNormal>
</GetRequest>

PDU:
C81E30000000013C1B6F83F93430FCE9C51600DC538D69B2B5CB8F4F96A39979
Ciphered CMD Decrypted PDU:
C0014100080000010000FF0200
Wrapper:
0001000100010020C81E30000000013C1B6F83F93430FCE9C51600DC538D69B2B5CB8F4F96A39979
=====================================================================
RAW:
000100010001002EDB083435014090152003233000000086557C28DE2B8583022EA3C1A690C8A247A459CB6305A8ACAC28A296878F1A
XML:
<GeneralGloCiphering>
  <SystemTitle Value="3435014090152003" />
  <CipheredService Value="3000000086557C28DE2B8583022EA3C1A690C8A247A459CB6305A8ACAC28A296878F1A" />
</GeneralGloCiphering>

PDU:
DB083435014090152003233000000086557C28DE2B8583022EA3C1A690C8A247A459CB6305A8ACAC28A296878F1A
Ciphered CMD Decrypted PDU:
C4014100090C07E70A0A020D070D00003C00
Wrapper:
000100010001002EDB083435014090152003233000000086557C28DE2B8583022EA3C1A690C8A247A459CB6305A8ACAC28A296878F1A
=====================================================================
RAW:
DB083435014090152003233000000086557C28DE2B8583022EA3C1A690C8A247A459CB6305A8ACAC28A296878F1A
XML:
<GeneralGloCiphering>
  <SystemTitle Value="3435014090152003" />
  <CipheredService Value="3000000086557C28DE2B8583022EA3C1A690C8A247A459CB6305A8ACAC28A296878F1A" />
</GeneralGloCiphering>

PDU:
DB083435014090152003233000000086557C28DE2B8583022EA3C1A690C8A247A459CB6305A8ACAC28A296878F1A
Ciphered CMD Decrypted PDU:
C4014100090C07E70A0A020D070D00003C00
Wrapper:
000100010001002EDB083435014090152003233000000086557C28DE2B8583022EA3C1A690C8A247A459CB6305A8ACAC28A296878F1A
=====================================================================
RAW:
C4014100090C07E70A0A020D070D00003C00
XML:
<GetResponse>
  <GetResponseNormal>
    <InvokeIdAndPriority Value="41" />
    <Result>
      <Data>
        <OctetString Value="07E70A0A020D070D00003C00" />
      </Data>
    </Result>
  </GetResponseNormal>
</GetResponse>

PDU:
CC233000000001381B6F83F838371AE3CFEB0FDB76BDF675EE9FB2311AE6DC500CF34A9992
Ciphered CMD Decrypted PDU:
C4014100090C07E70A0A020D070D00003C00
Wrapper:
0001000100010025CC233000000001381B6F83F838371AE3CFEB0FDB76BDF675EE9FB2311AE6DC500CF34A9992
=====================================================================
RAW:
000100010001002CDB0800000000000000002130000000063264E0F418384215FDE4F20177AC4A4C9871746C0C33A117966BE45D
XML:
<GeneralGloCiphering>
  <SystemTitle Value="0000000000000000" />
  <CipheredService Value="30000000063264E0F418384215FDE4F20177AC4A4C9871746C0C33A117966BE45D" />
</GeneralGloCiphering>

PDU:
DB0800000000000000002130000000063264E0F418384215FDE4F20177AC4A4C9871746C0C33A117966BE45D
Ciphered CMD Decrypted PDU:
C30142000900000A0000FF0101120016
Wrapper:
000100010001002CDB0800000000000000002130000000063264E0F418384215FDE4F20177AC4A4C9871746C0C33A117966BE45D
=====================================================================
RAW:
DB0800000000000000002130000000063264E0F418384215FDE4F20177AC4A4C9871746C0C33A117966BE45D
XML:
<GeneralGloCiphering>
  <SystemTitle Value="0000000000000000" />
  <CipheredService Value="30000000063264E0F418384215FDE4F20177AC4A4C9871746C0C33A117966BE45D" />
</GeneralGloCiphering>

PDU:
DB0800000000000000002130000000063264E0F418384215FDE4F20177AC4A4C9871746C0C33A117966BE45D
Ciphered CMD Decrypted PDU:
C30142000900000A0000FF0101120016
Wrapper:
000100010001002CDB0800000000000000002130000000063264E0F418384215FDE4F20177AC4A4C9871746C0C33A117966BE45D
=====================================================================
RAW:
C30142000900000A0000FF0101120016
XML:
<ActionRequest>
  <ActionRequestNormal>
    <InvokeIdAndPriority Value="42" />
    <ActionRequest>
      <ActionRequestNormal>
        <InvokeIdAndPriority Value="42" />
        <MethodDescriptor>
          <ClassId Value="0009" />
          <InstanceId Value="00000A0000FF" />
          <MethodId Value="01" />
        </MethodDescriptor>
        <MethodInvocationParameters>
          <UInt16 Value="0016" />
        </MethodInvocationParameters>
      </ActionRequestNormal>
    </ActionRequest>
  </ActionRequestNormal>
</ActionRequest>

PDU:
CB2130000000013F1B6C83F83430F7E9C51603DD69BDE0AAB52F041D18EA8E65312607
Ciphered CMD Decrypted PDU:
C30142000900000A0000FF0101120016
Wrapper:
0001000100010023CB2130000000013F1B6C83F83430F7E9C51603DD69BDE0AAB52F041D18EA8E65312607
=====================================================================
RAW:
0001000100010021DB0834350140901520031630000000871FC66AF8E5A59453344CBC99657AE2206C
XML:
<GeneralGloCiphering>
  <SystemTitle Value="3435014090152003" />
  <CipheredService Value="30000000871FC66AF8E5A59453344CBC99657AE2206C" />
</GeneralGloCiphering>

PDU:
DB0834350140901520031630000000871FC66AF8E5A59453344CBC99657AE2206C
Ciphered CMD Decrypted PDU:
C701420000
Wrapper:
0001000100010021DB0834350140901520031630000000871FC66AF8E5A59453344CBC99657AE2206C
=====================================================================
RAW:
DB0834350140901520031630000000871FC66AF8E5A59453344CBC99657AE2206C
XML:
<GeneralGloCiphering>
  <SystemTitle Value="3435014090152003" />
  <CipheredService Value="30000000871FC66AF8E5A59453344CBC99657AE2206C" />
</GeneralGloCiphering>

PDU:
DB0834350140901520031630000000871FC66AF8E5A59453344CBC99657AE2206C
Ciphered CMD Decrypted PDU:
C701420000
Wrapper:
0001000100010021DB0834350140901520031630000000871FC66AF8E5A59453344CBC99657AE2206C
=====================================================================
RAW:
C701420000
XML:
<ActionResponse>
  <ActionResponseNormal>
    <InvokeIdAndPriority Value="42" />
    <Result Value="Success" />
  </ActionResponseNormal>
</ActionResponse>

PDU:
CF1630000000013B1B6C83F15DD8539C60523D50BFB90A7D
Ciphered CMD Decrypted PDU:
C701420000
Wrapper:
0001000100010018CF1630000000013B1B6C83F15DD8539C60523D50BFB90A7D
=====================================================================
RAW:
000100010001006EDB0834350140901520036330000000889F0AFED8D73608D2FC6C1FE292F35F4EB91B289B0F833950516ABEC5CABE6E45B96A24B0221ABCF2407B00A25B2CC3D6CC512BBB0B62681D9FC8EC6AB41F9D51BE81C2EED0EDF0EE3E6F5BD3DB51CBC7EEDE462F8E253B987F29A86397A7
XML:
<GeneralGloCiphering>
  <SystemTitle Value="3435014090152003" />
  <CipheredService Value="30000000889F0AFED8D73608D2FC6C1FE292F35F4EB91B289B0F833950516ABEC5CABE6E45B96A24B0221ABCF2407B00A25B2CC3D6CC512BBB0B62681D9FC8EC6AB41F9D51BE81C2EED0EDF0EE3E6F5BD3DB51CBC7EEDE462F8E253B987F29A86397A7" />
</GeneralGloCiphering>

PDU:
DB0834350140901520036330000000889F0AFED8D73608D2FC6C1FE292F35F4EB91B289B0F833950516ABEC5CABE6E45B96A24B0221ABCF2407B00A25B2CC3D6CC512BBB0B62681D9FC8EC6AB41F9D51BE81C2EED0EDF0EE3E6F5BD3DB51CBC7EEDE462F8E253B987F29A86397A7
Ciphered CMD Decrypted PDU:
0F000000000002010948306525453A00410101001F00A500000000004F00000000036522375000000000004F00000000652388D000000000004F000000006524DA5000000000004F00000000050000000600
Wrapper:
000100010001006EDB0834350140901520036330000000889F0AFED8D73608D2FC6C1FE292F35F4EB91B289B0F833950516ABEC5CABE6E45B96A24B0221ABCF2407B00A25B2CC3D6CC512BBB0B62681D9FC8EC6AB41F9D51BE81C2EED0EDF0EE3E6F5BD3DB51CBC7EEDE462F8E253B987F29A86397A7
=====================================================================
RAW:
000100100001001F601DA109060760857405080101BE10040E01000000065F1F04000000190400
XML:
<AssociationRequest>
  <ApplicationContextName Value="LN" />
  <InitiateRequest>
    <ProposedDlmsVersionNumber Value="06" />
    <ProposedConformance>
      <ConformanceBit Name="Get" />
      <ConformanceBit Name="Set" />
      <ConformanceBit Name="Action" />
    </ProposedConformance>
    <ProposedMaxPduSize Value="0400" />
  </InitiateRequest>
</AssociationRequest>

PDU:
604EA109060760857405080103A60A04083435014090152003A9030201FF8A0207808B0760857405080200BE230421211F3000000001FD1A2E83F76B2FF9E9C5E91BD87B55D7811012A60C7ADA342CA1
Encrypted PDU:
DB0834350140901520036130000000019C548F8AF73350789DC0E103DFDDB7F241DA8000DC8AC6DF0021E2BBCBFF1C2FC2F43CF658F872C7834FB95B9156876A8EE87C0B002E07DA56700F0D1132E1490AF58826CBFF6A5804B9C2C2BE1D34AF3A40383FC248866AAA56A898
Wrapper:
0001000100010050604EA109060760857405080103A60A04083435014090152003A9030201FF8A0207808B0760857405080200BE230421211F3000000001FD1A2E83F76B2FF9E9C5E91BD87B55D7811012A60C7ADA342CA1
=====================================================================
RAW:
601DA109060760857405080101BE10040E01000000065F1F04000000190400
XML:
<AssociationRequest>
  <ApplicationContextName Value="LN" />
  <InitiateRequest>
    <ProposedDlmsVersionNumber Value="06" />
    <ProposedConformance>
      <ConformanceBit Name="Get" />
      <ConformanceBit Name="Set" />
      <ConformanceBit Name="Action" />
    </ProposedConformance>
    <ProposedMaxPduSize Value="0400" />
  </InitiateRequest>
</AssociationRequest>

PDU:
604EA109060760857405080103A60A04083435014090152003A9030201FF8A0207808B0760857405080200BE230421211F3000000001FD1A2E83F76B2FF9E9C5E91BD87B55D7811012A60C7ADA342CA1
Encrypted PDU:
DB0834350140901520036130000000019C548F8AF73350789DC0E103DFDDB7F241DA8000DC8AC6DF0021E2BBCBFF1C2FC2F43CF658F872C7834FB95B9156876A8EE87C0B002E07DA56700F0D1132E1490AF58826CBFF6A5804B9C2C2BE1D34AF3A40383FC248866AAA56A898
Wrapper:
0001000100010050604EA109060760857405080103A60A04083435014090152003A9030201FF8A0207808B0760857405080200BE230421211F3000000001FD1A2E83F76B2FF9E9C5E91BD87B55D7811012A60C7ADA342CA1
=====================================================================
RAW:
00010001001000376135A109060760857405080101A203020100A305A103020100A40A04083435014090152003BE10040E0800065F1F040000001000E50007
XML:
<AssociationResponse>
  <ApplicationContextName Value="LN" />
  <AssociationResult Value="00" />
  <ResultSourceDiagnostic>
    <ACSEServiceUser Value="00" />
  </ResultSourceDiagnostic>
  <RespondingAPTitle Value="3435014090152003" />
  <InitiateResponse>
    <NegotiatedDlmsVersionNumber Value="06" />
    <NegotiatedConformance>
      <ConformanceBit Name="Get" />
    </NegotiatedConformance>
    <NegotiatedMaxPduSize Value="00E5" />
    <VaaName Value="0007" />
  </InitiateResponse>
</AssociationResponse>

Security=48
SystemTitle=34 35 01 40 90 15 20 03
AuthenticationKey=D0 D1 D2 D3 D4 D5 D6 D7 D8 D9 DA DB DC DD DE DF
BlockCipherKey=35 F0 60 DE D4 01 76 70 84 8D 15 75 C8 3D 85 59
FrameCounter=1
Encpypt data: 08 00 06 5F 1F 04 00 00 00 10 00 E5 00 07
PDU:
6148A109060760857405080103A203020100A305A103020100A40A04083435014090152003BE230421281F3000000001F41A28DCEE3030FDE9D5E9E7DC7C05615851AEA0CFFA850E1741
Encrypted PDU:
DB0834350140901520035B30000000019D528F8AF73350789DC0E103DFD9BEF448EE16043D19D1FE032CEBBDC234A32C85E4A2D13BC325C6AA65A6D5B252A64A65C254D7EE1FCA3D91261181E2B70DEDBBBFFEFD51D26E46015ED2D4B3934938B56C59626E8F
Wrapper:
000100010001004A6148A109060760857405080103A203020100A305A103020100A40A04083435014090152003BE230421281F3000000001F41A28DCEE3030FDE9D5E9E7DC7C05615851AEA0CFFA850E1741
=====================================================================
RAW:
6135A109060760857405080101A203020100A305A103020100A40A04083435014090152003BE10040E0800065F1F040000001000E50007
XML:
<AssociationResponse>
  <ApplicationContextName Value="LN" />
  <AssociationResult Value="00" />
  <ResultSourceDiagnostic>
    <ACSEServiceUser Value="00" />
  </ResultSourceDiagnostic>
  <RespondingAPTitle Value="3435014090152003" />
  <InitiateResponse>
    <NegotiatedDlmsVersionNumber Value="06" />
    <NegotiatedConformance>
      <ConformanceBit Name="Get" />
    </NegotiatedConformance>
    <NegotiatedMaxPduSize Value="00E5" />
    <VaaName Value="0007" />
  </InitiateResponse>
</AssociationResponse>

Security=48
SystemTitle=34 35 01 40 90 15 20 03
AuthenticationKey=D0 D1 D2 D3 D4 D5 D6 D7 D8 D9 DA DB DC DD DE DF
BlockCipherKey=35 F0 60 DE D4 01 76 70 84 8D 15 75 C8 3D 85 59
FrameCounter=1
Encpypt data: 08 00 06 5F 1F 04 00 00 00 10 00 E5 00 07
PDU:
6148A109060760857405080103A203020100A305A103020100A40A04083435014090152003BE230421281F3000000001F41A28DCEE3030FDE9D5E9E7DC7C05615851AEA0CFFA850E1741
Encrypted PDU:
DB0834350140901520035B30000000019D528F8AF73350789DC0E103DFD9BEF448EE16043D19D1FE032CEBBDC234A32C85E4A2D13BC325C6AA65A6D5B252A64A65C254D7EE1FCA3D91261181E2B70DEDBBBFFEFD51D26E46015ED2D4B3934938B56C59626E8F
Wrapper:
000100010001004A6148A109060760857405080103A203020100A305A103020100A40A04083435014090152003BE230421281F3000000001F41A28DCEE3030FDE9D5E9E7DC7C05615851AEA0CFFA850E1741
=====================================================================
RAW:
000100100001000DC00141000100002B0101FF0200
XML:
<GetRequest>
  <GetRequestNormal>
    <InvokeIdAndPriority Value="41" />
    <AttributeDescriptor>
      <ClassId Value="0001" />
      <InstanceId Value="00002B0101FF" />
      <AttributeId Value="02" />
    </AttributeDescriptor>
  </GetRequestNormal>
</GetRequest>

PDU:
C81E30000000013C1B6F83F03430D6E8C41600DCCB97DC922FF00F9EFAC6E711
Ciphered CMD Decrypted PDU:
C00141000100002B0101FF0200
Wrapper:
0001000100010020C81E30000000013C1B6F83F03430D6E8C41600DCCB97DC922FF00F9EFAC6E711
=====================================================================
RAW:
C00141000100002B0101FF0200
XML:
<GetRequest>
  <GetRequestNormal>
    <InvokeIdAndPriority Value="41" />
    <AttributeDescriptor>
      <ClassId Value="0001" />
      <InstanceId Value="00002B0101FF" />
      <AttributeId Value="02" />
    </AttributeDescriptor>
  </GetRequestNormal>
</GetRequest>

PDU:
C81E30000000013C1B6F83F03430D6E8C41600DCCB97DC922FF00F9EFAC6E711
Ciphered CMD Decrypted PDU:
C00141000100002B0101FF0200
Wrapper:
0001000100010020C81E30000000013C1B6F83F03430D6E8C41600DCCB97DC922FF00F9EFAC6E711
=====================================================================
RAW:
0001000100100009C40141000600000006
XML:
<GetResponse>
  <GetResponseNormal>
    <InvokeIdAndPriority Value="41" />
    <Result>
      <Data>
        <UInt32 Value="00000006" />
      </Data>
    </Result>
  </GetResponseNormal>
</GetResponse>

PDU:
CC1A3000000001381B6F83F73430FDEF4841F7E8551B0A84C1E0BA91
Ciphered CMD Decrypted PDU:
C40141000600000006
Wrapper:
000100010001001CCC1A3000000001381B6F83F73430FDEF4841F7E8551B0A84C1E0BA91
=====================================================================
RAW:
C40141000600000006
XML:
<GetResponse>
  <GetResponseNormal>
    <InvokeIdAndPriority Value="41" />
    <Result>
      <Data>
        <UInt32 Value="00000006" />
      </Data>
    </Result>
  </GetResponseNormal>
</GetResponse>

PDU:
CC1A3000000001381B6F83F73430FDEF4841F7E8551B0A84C1E0BA91
Ciphered CMD Decrypted PDU:
C40141000600000006
Wrapper:
000100010001001CCC1A3000000001381B6F83F73430FDEF4841F7E8551B0A84C1E0BA91
=====================================================================
RAW:
000100100001000DC00142000100002A0000FF0200
XML:
<GetRequest>
  <GetRequestNormal>
    <InvokeIdAndPriority Value="42" />
    <AttributeDescriptor>
      <ClassId Value="0001" />
      <InstanceId Value="00002A0000FF" />
      <AttributeId Value="02" />
    </AttributeDescriptor>
  </GetRequestNormal>
</GetRequest>

PDU:
C81E30000000013C1B6C83F03430D7E9C51600DC343FC9D6AC9D881EC5408E0D
Ciphered CMD Decrypted PDU:
C00142000100002A0000FF0200
Wrapper:
0001000100010020C81E30000000013C1B6C83F03430D7E9C51600DC343FC9D6AC9D881EC5408E0D
=====================================================================
RAW:
C00142000100002A0000FF0200
XML:
<GetRequest>
  <GetRequestNormal>
    <InvokeIdAndPriority Value="42" />
    <AttributeDescriptor>
      <ClassId Value="0001" />
      <InstanceId Value="00002A0000FF" />
      <AttributeId Value="02" />
    </AttributeDescriptor>
  </GetRequestNormal>
</GetRequest>

PDU:
C81E30000000013C1B6C83F03430D7E9C51600DC343FC9D6AC9D881EC5408E0D
Ciphered CMD Decrypted PDU:
C00142000100002A0000FF0200
Wrapper:
0001000100010020C81E30000000013C1B6C83F03430D7E9C51600DC343FC9D6AC9D881EC5408E0D
=====================================================================
RAW:
0001000100100016C401420009104D495430303332303135393034303031
XML:
<GetResponse>
  <GetResponseNormal>
    <InvokeIdAndPriority Value="42" />
    <Result>
      <Data>
        <OctetString Value="4D495430303332303135393034303031" />
      </Data>
    </Result>
  </GetResponseNormal>
</GetResponse>

PDU:
CC273000000001381B6C83F8247DB4BDF5D931EE4B8CC370DE8131AC2B1D891CD95F0019DDEDA5101A
Ciphered CMD Decrypted PDU:
C401420009104D495430303332303135393034303031
Wrapper:
0001000100010029CC273000000001381B6C83F8247DB4BDF5D931EE4B8CC370DE8131AC2B1D891CD95F0019DDEDA5101A
=====================================================================
RAW:
C401420009104D495430303332303135393034303031
XML:
<GetResponse>
  <GetResponseNormal>
    <InvokeIdAndPriority Value="42" />
    <Result>
      <Data>
        <OctetString Value="4D495430303332303135393034303031" />
      </Data>
    </Result>
  </GetResponseNormal>
</GetResponse>

PDU:
CC273000000001381B6C83F8247DB4BDF5D931EE4B8CC370DE8131AC2B1D891CD95F0019DDEDA5101A
Ciphered CMD Decrypted PDU:
C401420009104D495430303332303135393034303031
Wrapper:
0001000100010029CC273000000001381B6C83F8247DB4BDF5D931EE4B8CC370DE8131AC2B1D891CD95F0019DDEDA5101A
=====================================================================
RAW:
0001000100010039DB0800000000000000002E3000000007474B1B6E8D7F668F8E7650D4FF54DBD3DC4EB5D396C9430F5A3C78E442D8F96173130857EA62F72FA8
XML:
<GeneralGloCiphering>
  <SystemTitle Value="0000000000000000" />
  <CipheredService Value="3000000007474B1B6E8D7F668F8E7650D4FF54DBD3DC4EB5D396C9430F5A3C78E442D8F96173130857EA62F72FA8" />
</GeneralGloCiphering>

PDU:
DB0800000000000000002E3000000007474B1B6E8D7F668F8E7650D4FF54DBD3DC4EB5D396C9430F5A3C78E442D8F96173130857EA62F72FA8
Ciphered CMD Decrypted PDU:
C101410001000060010AFF02000A0E3131323233333434353536363737
Wrapper:
0001000100010039DB0800000000000000002E3000000007474B1B6E8D7F668F8E7650D4FF54DBD3DC4EB5D396C9430F5A3C78E442D8F96173130857EA62F72FA8
=====================================================================
RAW:
DB0800000000000000002E3000000007474B1B6E8D7F668F8E7650D4FF54DBD3DC4EB5D396C9430F5A3C78E442D8F96173130857EA62F72FA8
XML:
<GeneralGloCiphering>
  <SystemTitle Value="0000000000000000" />
  <CipheredService Value="3000000007474B1B6E8D7F668F8E7650D4FF54DBD3DC4EB5D396C9430F5A3C78E442D8F96173130857EA62F72FA8" />
</GeneralGloCiphering>

PDU:
DB0800000000000000002E3000000007474B1B6E8D7F668F8E7650D4FF54DBD3DC4EB5D396C9430F5A3C78E442D8F96173130857EA62F72FA8
Ciphered CMD Decrypted PDU:
C101410001000060010AFF02000A0E3131323233333434353536363737
Wrapper:
0001000100010039DB0800000000000000002E3000000007474B1B6E8D7F668F8E7650D4FF54DBD3DC4EB5D396C9430F5A3C78E442D8F96173130857EA62F72FA8
=====================================================================
RAW:
C101410001000060010AFF02000A0E3131323233333434353536363737
XML:
<SetRequest>
  <SetRequestNormal>
    <InvokeIdAndPriority Value="41" />
    <AttributeDescriptor>
      <ClassId Value="0001" />
      <InstanceId Value="000060010AFF" />
      <AttributeId Value="02" />
    </AttributeDescriptor>
    <Value>
      <String Value="11223344556677" />
    </Value>
  </SetRequestNormal>
</SetRequest>

PDU:
C92E30000000013D1B6F83F034309DE8CF1600DC71B3C778DC8732AF2EE7CA36BED78EFD9722E351774B3FB2D554104D
Ciphered CMD Decrypted PDU:
C101410001000060010AFF02000A0E3131323233333434353536363737
Wrapper:
0001000100010030C92E30000000013D1B6F83F034309DE8CF1600DC71B3C778DC8732AF2EE7CA36BED78EFD9722E351774B3FB2D554104D
=====================================================================
RAW:
0001000100010020DB083435014090152003153000000089D6863A755B1A4BAB93422D44CA19D426
XML:
<GeneralGloCiphering>
  <SystemTitle Value="3435014090152003" />
  <CipheredService Value="3000000089D6863A755B1A4BAB93422D44CA19D426" />
</GeneralGloCiphering>

PDU:
DB083435014090152003153000000089D6863A755B1A4BAB93422D44CA19D426
Ciphered CMD Decrypted PDU:
C5014100
Wrapper:
0001000100010020DB083435014090152003153000000089D6863A755B1A4BAB93422D44CA19D426
=====================================================================
RAW:
DB083435014090152003153000000089D6863A755B1A4BAB93422D44CA19D426
XML:
<GeneralGloCiphering>
  <SystemTitle Value="3435014090152003" />
  <CipheredService Value="3000000089D6863A755B1A4BAB93422D44CA19D426" />
</GeneralGloCiphering>

PDU:
DB083435014090152003153000000089D6863A755B1A4BAB93422D44CA19D426
Ciphered CMD Decrypted PDU:
C5014100
Wrapper:
0001000100010020DB083435014090152003153000000089D6863A755B1A4BAB93422D44CA19D426
=====================================================================
RAW:
C5014100
XML:
<SetResponse>
  <SetResponseNormal>
    <InvokeIdAndPriority Value="41" />
    <Result Value="Success" />
  </SetResponseNormal>
</SetResponse>

PDU:
CD153000000001391B6F837652B2717D15C8DFCFA756EA
Ciphered CMD Decrypted PDU:
C5014100
Wrapper:
0001000100010017CD153000000001391B6F837652B2717D15C8DFCFA756EA
=====================================================================
RAW:
000100010001002CDB0800000000000000002130000000088AC3A8012F77A2D71DD7034E4FBC5D4B541CC0354F5DC29CE4C73347
XML:
<GeneralGloCiphering>
  <SystemTitle Value="0000000000000000" />
  <CipheredService Value="30000000088AC3A8012F77A2D71DD7034E4FBC5D4B541CC0354F5DC29CE4C73347" />
</GeneralGloCiphering>

PDU:
DB0800000000000000002130000000088AC3A8012F77A2D71DD7034E4FBC5D4B541CC0354F5DC29CE4C73347
Ciphered CMD Decrypted PDU:
C30142000900000A0000FF0101120016
Wrapper:
000100010001002CDB0800000000000000002130000000088AC3A8012F77A2D71DD7034E4FBC5D4B541CC0354F5DC29CE4C73347
=====================================================================
RAW:
DB0800000000000000002130000000088AC3A8012F77A2D71DD7034E4FBC5D4B541CC0354F5DC29CE4C73347
XML:
<GeneralGloCiphering>
  <SystemTitle Value="0000000000000000" />
  <CipheredService Value="30000000088AC3A8012F77A2D71DD7034E4FBC5D4B541CC0354F5DC29CE4C73347" />
</GeneralGloCiphering>

PDU:
DB0800000000000000002130000000088AC3A8012F77A2D71DD7034E4FBC5D4B541CC0354F5DC29CE4C73347
Ciphered CMD Decrypted PDU:
C30142000900000A0000FF0101120016
Wrapper:
000100010001002CDB0800000000000000002130000000088AC3A8012F77A2D71DD7034E4FBC5D4B541CC0354F5DC29CE4C73347
=====================================================================
RAW:
C30142000900000A0000FF0101120016
XML:
<ActionRequest>
  <ActionRequestNormal>
    <InvokeIdAndPriority Value="42" />
    <ActionRequest>
      <ActionRequestNormal>
        <InvokeIdAndPriority Value="42" />
        <MethodDescriptor>
          <ClassId Value="0009" />
          <InstanceId Value="00000A0000FF" />
          <MethodId Value="01" />
        </MethodDescriptor>
        <MethodInvocationParameters>
          <UInt16 Value="0016" />
        </MethodInvocationParameters>
      </ActionRequestNormal>
    </ActionRequest>
  </ActionRequestNormal>
</ActionRequest>

PDU:
CB2130000000013F1B6C83F83430F7E9C51603DD69BDE0AAB52F041D18EA8E65312607
Ciphered CMD Decrypted PDU:
C30142000900000A0000FF0101120016
Wrapper:
0001000100010023CB2130000000013F1B6C83F83430F7E9C51603DD69BDE0AAB52F041D18EA8E65312607
=====================================================================
RAW:
0001000100010021DB08343501409015200316300000008AF8C9BB24CF1C5EF06D1C2C7594FCF2BF4C
XML:
<GeneralGloCiphering>
  <SystemTitle Value="3435014090152003" />
  <CipheredService Value="300000008AF8C9BB24CF1C5EF06D1C2C7594FCF2BF4C" />
</GeneralGloCiphering>

PDU:
DB08343501409015200316300000008AF8C9BB24CF1C5EF06D1C2C7594FCF2BF4C
Ciphered CMD Decrypted PDU:
C701420000
Wrapper:
0001000100010021DB08343501409015200316300000008AF8C9BB24CF1C5EF06D1C2C7594FCF2BF4C
=====================================================================
RAW:
DB08343501409015200316300000008AF8C9BB24CF1C5EF06D1C2C7594FCF2BF4C
XML:
<GeneralGloCiphering>
  <SystemTitle Value="3435014090152003" />
  <CipheredService Value="300000008AF8C9BB24CF1C5EF06D1C2C7594FCF2BF4C" />
</GeneralGloCiphering>

PDU:
DB08343501409015200316300000008AF8C9BB24CF1C5EF06D1C2C7594FCF2BF4C
Ciphered CMD Decrypted PDU:
C701420000
Wrapper:
0001000100010021DB08343501409015200316300000008AF8C9BB24CF1C5EF06D1C2C7594FCF2BF4C
=====================================================================
RAW:
C701420000
XML:
<ActionResponse>
  <ActionResponseNormal>
    <InvokeIdAndPriority Value="42" />
    <Result Value="Success" />
  </ActionResponseNormal>
</ActionResponse>

PDU:
CF1630000000013B1B6C83F15DD8539C60523D50BFB90A7D
Ciphered CMD Decrypted PDU:
C701420000
Wrapper:
0001000100010018CF1630000000013B1B6C83F15DD8539C60523D50BFB90A7D
=====================================================================
RAW:
000100010001006EDB08343501409015200363300000008B5197711E973201760F5BE14BB7C4D6943C031F4A32A2377F763A21398EEFC1E0DB3AC78561738C36FB82ABD61D562DD9C4070419A4A813229DD0A82A378686F40F82C674664818ED54E3B294C7D23DD984D0A37B634EF8C1EEA33A5F561C
XML:
<GeneralGloCiphering>
  <SystemTitle Value="3435014090152003" />
  <CipheredService Value="300000008B5197711E973201760F5BE14BB7C4D6943C031F4A32A2377F763A21398EEFC1E0DB3AC78561738C36FB82ABD61D562DD9C4070419A4A813229DD0A82A378686F40F82C674664818ED54E3B294C7D23DD984D0A37B634EF8C1EEA33A5F561C" />
</GeneralGloCiphering>

PDU:
DB08343501409015200363300000008B5197711E973201760F5BE14BB7C4D6943C031F4A32A2377F763A21398EEFC1E0DB3AC78561738C36FB82ABD61D562DD9C4070419A4A813229DD0A82A378686F40F82C674664818ED54E3B294C7D23DD984D0A37B634EF8C1EEA33A5F561C
Ciphered CMD Decrypted PDU:
0F0000000000020109483065254B6200410101002000AD00000000004F00000000036522375000000000004F00000000652388D000000000004F000000006524DA5000000000004F00000000050000000800
Wrapper:
000100010001006EDB08343501409015200363300000008B5197711E973201760F5BE14BB7C4D6943C031F4A32A2377F763A21398EEFC1E0DB3AC78561738C36FB82ABD61D562DD9C4070419A4A813229DD0A82A378686F40F82C674664818ED54E3B294C7D23DD984D0A37B634EF8C1EEA33A5F561C
=====================================================================
RAW:
000100100001001F601DA109060760857405080101BE10040E01000000065F1F04000000190400
XML:
<AssociationRequest>
  <ApplicationContextName Value="LN" />
  <InitiateRequest>
    <ProposedDlmsVersionNumber Value="06" />
    <ProposedConformance>
      <ConformanceBit Name="Get" />
      <ConformanceBit Name="Set" />
      <ConformanceBit Name="Action" />
    </ProposedConformance>
    <ProposedMaxPduSize Value="0400" />
  </InitiateRequest>
</AssociationRequest>

PDU:
604EA109060760857405080103A60A04083435014090152003A9030201FF8A0207808B0760857405080200BE230421211F3000000001FD1A2E83F76B2FF9E9C5E91BD87B55D7811012A60C7ADA342CA1
Encrypted PDU:
DB0834350140901520036130000000019C548F8AF73350789DC0E103DFDDB7F241DA8000DC8AC6DF0021E2BBCBFF1C2FC2F43CF658F872C7834FB95B9156876A8EE87C0B002E07DA56700F0D1132E1490AF58826CBFF6A5804B9C2C2BE1D34AF3A40383FC248866AAA56A898
Wrapper:
0001000100010050604EA109060760857405080103A60A04083435014090152003A9030201FF8A0207808B0760857405080200BE230421211F3000000001FD1A2E83F76B2FF9E9C5E91BD87B55D7811012A60C7ADA342CA1
=====================================================================
RAW:
601DA109060760857405080101BE10040E01000000065F1F04000000190400
XML:
<AssociationRequest>
  <ApplicationContextName Value="LN" />
  <InitiateRequest>
    <ProposedDlmsVersionNumber Value="06" />
    <ProposedConformance>
      <ConformanceBit Name="Get" />
      <ConformanceBit Name="Set" />
      <ConformanceBit Name="Action" />
    </ProposedConformance>
    <ProposedMaxPduSize Value="0400" />
  </InitiateRequest>
</AssociationRequest>

PDU:
604EA109060760857405080103A60A04083435014090152003A9030201FF8A0207808B0760857405080200BE230421211F3000000001FD1A2E83F76B2FF9E9C5E91BD87B55D7811012A60C7ADA342CA1
Encrypted PDU:
DB0834350140901520036130000000019C548F8AF73350789DC0E103DFDDB7F241DA8000DC8AC6DF0021E2BBCBFF1C2FC2F43CF658F872C7834FB95B9156876A8EE87C0B002E07DA56700F0D1132E1490AF58826CBFF6A5804B9C2C2BE1D34AF3A40383FC248866AAA56A898
Wrapper:
0001000100010050604EA109060760857405080103A60A04083435014090152003A9030201FF8A0207808B0760857405080200BE230421211F3000000001FD1A2E83F76B2FF9E9C5E91BD87B55D7811012A60C7ADA342CA1
=====================================================================
RAW:
00010001001000376135A109060760857405080101A203020100A305A103020100A40A04083435014090152003BE10040E0800065F1F040000001000E50007
XML:
<AssociationResponse>
  <ApplicationContextName Value="LN" />
  <AssociationResult Value="00" />
  <ResultSourceDiagnostic>
    <ACSEServiceUser Value="00" />
  </ResultSourceDiagnostic>
  <RespondingAPTitle Value="3435014090152003" />
  <InitiateResponse>
    <NegotiatedDlmsVersionNumber Value="06" />
    <NegotiatedConformance>
      <ConformanceBit Name="Get" />
    </NegotiatedConformance>
    <NegotiatedMaxPduSize Value="00E5" />
    <VaaName Value="0007" />
  </InitiateResponse>
</AssociationResponse>

Security=48
SystemTitle=34 35 01 40 90 15 20 03
AuthenticationKey=D0 D1 D2 D3 D4 D5 D6 D7 D8 D9 DA DB DC DD DE DF
BlockCipherKey=35 F0 60 DE D4 01 76 70 84 8D 15 75 C8 3D 85 59
FrameCounter=1
Encpypt data: 08 00 06 5F 1F 04 00 00 00 10 00 E5 00 07
PDU:
6148A109060760857405080103A203020100A305A103020100A40A04083435014090152003BE230421281F3000000001F41A28DCEE3030FDE9D5E9E7DC7C05615851AEA0CFFA850E1741
Encrypted PDU:
DB0834350140901520035B30000000019D528F8AF73350789DC0E103DFD9BEF448EE16043D19D1FE032CEBBDC234A32C85E4A2D13BC325C6AA65A6D5B252A64A65C254D7EE1FCA3D91261181E2B70DEDBBBFFEFD51D26E46015ED2D4B3934938B56C59626E8F
Wrapper:
000100010001004A6148A109060760857405080103A203020100A305A103020100A40A04083435014090152003BE230421281F3000000001F41A28DCEE3030FDE9D5E9E7DC7C05615851AEA0CFFA850E1741
=====================================================================
RAW:
6135A109060760857405080101A203020100A305A103020100A40A04083435014090152003BE10040E0800065F1F040000001000E50007
XML:
<AssociationResponse>
  <ApplicationContextName Value="LN" />
  <AssociationResult Value="00" />
  <ResultSourceDiagnostic>
    <ACSEServiceUser Value="00" />
  </ResultSourceDiagnostic>
  <RespondingAPTitle Value="3435014090152003" />
  <InitiateResponse>
    <NegotiatedDlmsVersionNumber Value="06" />
    <NegotiatedConformance>
      <ConformanceBit Name="Get" />
    </NegotiatedConformance>
    <NegotiatedMaxPduSize Value="00E5" />
    <VaaName Value="0007" />
  </InitiateResponse>
</AssociationResponse>

Security=48
SystemTitle=34 35 01 40 90 15 20 03
AuthenticationKey=D0 D1 D2 D3 D4 D5 D6 D7 D8 D9 DA DB DC DD DE DF
BlockCipherKey=35 F0 60 DE D4 01 76 70 84 8D 15 75 C8 3D 85 59
FrameCounter=1
Encpypt data: 08 00 06 5F 1F 04 00 00 00 10 00 E5 00 07
PDU:
6148A109060760857405080103A203020100A305A103020100A40A04083435014090152003BE230421281F3000000001F41A28DCEE3030FDE9D5E9E7DC7C05615851AEA0CFFA850E1741
Encrypted PDU:
DB0834350140901520035B30000000019D528F8AF73350789DC0E103DFD9BEF448EE16043D19D1FE032CEBBDC234A32C85E4A2D13BC325C6AA65A6D5B252A64A65C254D7EE1FCA3D91261181E2B70DEDBBBFFEFD51D26E46015ED2D4B3934938B56C59626E8F
Wrapper:
000100010001004A6148A109060760857405080103A203020100A305A103020100A40A04083435014090152003BE230421281F3000000001F41A28DCEE3030FDE9D5E9E7DC7C05615851AEA0CFFA850E1741
=====================================================================
RAW:
000100100001000DC00141000100002B0101FF0200
XML:
<GetRequest>
  <GetRequestNormal>
    <InvokeIdAndPriority Value="41" />
    <AttributeDescriptor>
      <ClassId Value="0001" />
      <InstanceId Value="00002B0101FF" />
      <AttributeId Value="02" />
    </AttributeDescriptor>
  </GetRequestNormal>
</GetRequest>

PDU:
C81E30000000013C1B6F83F03430D6E8C41600DCCB97DC922FF00F9EFAC6E711
Ciphered CMD Decrypted PDU:
C00141000100002B0101FF0200
Wrapper:
0001000100010020C81E30000000013C1B6F83F03430D6E8C41600DCCB97DC922FF00F9EFAC6E711
=====================================================================
RAW:
C00141000100002B0101FF0200
XML:
<GetRequest>
  <GetRequestNormal>
    <InvokeIdAndPriority Value="41" />
    <AttributeDescriptor>
      <ClassId Value="0001" />
      <InstanceId Value="00002B0101FF" />
      <AttributeId Value="02" />
    </AttributeDescriptor>
  </GetRequestNormal>
</GetRequest>

PDU:
C81E30000000013C1B6F83F03430D6E8C41600DCCB97DC922FF00F9EFAC6E711
Ciphered CMD Decrypted PDU:
C00141000100002B0101FF0200
Wrapper:
0001000100010020C81E30000000013C1B6F83F03430D6E8C41600DCCB97DC922FF00F9EFAC6E711
=====================================================================
RAW:
0001000100100009C40141000600000008
XML:
<GetResponse>
  <GetResponseNormal>
    <InvokeIdAndPriority Value="41" />
    <Result>
      <Data>
        <UInt32 Value="00000008" />
      </Data>
    </Result>
  </GetResponseNormal>
</GetResponse>

PDU:
CC1A3000000001381B6F83F73430FDE1E5F6F292FCCA3723CAC7B4AD
Ciphered CMD Decrypted PDU:
C40141000600000008
Wrapper:
000100010001001CCC1A3000000001381B6F83F73430FDE1E5F6F292FCCA3723CAC7B4AD
=====================================================================
RAW:
C40141000600000008
XML:
<GetResponse>
  <GetResponseNormal>
    <InvokeIdAndPriority Value="41" />
    <Result>
      <Data>
        <UInt32 Value="00000008" />
      </Data>
    </Result>
  </GetResponseNormal>
</GetResponse>

PDU:
CC1A3000000001381B6F83F73430FDE1E5F6F292FCCA3723CAC7B4AD
Ciphered CMD Decrypted PDU:
C40141000600000008
Wrapper:
000100010001001CCC1A3000000001381B6F83F73430FDE1E5F6F292FCCA3723CAC7B4AD
=====================================================================
RAW:
000100100001000DC00142000100002A0000FF0200
XML:
<GetRequest>
  <GetRequestNormal>
    <InvokeIdAndPriority Value="42" />
    <AttributeDescriptor>
      <ClassId Value="0001" />
      <InstanceId Value="00002A0000FF" />
      <AttributeId Value="02" />
    </AttributeDescriptor>
  </GetRequestNormal>
</GetRequest>

PDU:
C81E30000000013C1B6C83F03430D7E9C51600DC343FC9D6AC9D881EC5408E0D
Ciphered CMD Decrypted PDU:
C00142000100002A0000FF0200
Wrapper:
0001000100010020C81E30000000013C1B6C83F03430D7E9C51600DC343FC9D6AC9D881EC5408E0D
=====================================================================
RAW:
C00142000100002A0000FF0200
XML:
<GetRequest>
  <GetRequestNormal>
    <InvokeIdAndPriority Value="42" />
    <AttributeDescriptor>
      <ClassId Value="0001" />
      <InstanceId Value="00002A0000FF" />
      <AttributeId Value="02" />
    </AttributeDescriptor>
  </GetRequestNormal>
</GetRequest>

PDU:
C81E30000000013C1B6C83F03430D7E9C51600DC343FC9D6AC9D881EC5408E0D
Ciphered CMD Decrypted PDU:
C00142000100002A0000FF0200
Wrapper:
0001000100010020C81E30000000013C1B6C83F03430D7E9C51600DC343FC9D6AC9D881EC5408E0D
=====================================================================
RAW:
0001000100100016C401420009104D495430303332303135393034303031
XML:
<GetResponse>
  <GetResponseNormal>
    <InvokeIdAndPriority Value="42" />
    <Result>
      <Data>
        <OctetString Value="4D495430303332303135393034303031" />
      </Data>
    </Result>
  </GetResponseNormal>
</GetResponse>

PDU:
CC273000000001381B6C83F8247DB4BDF5D931EE4B8CC370DE8131AC2B1D891CD95F0019DDEDA5101A
Ciphered CMD Decrypted PDU:
C401420009104D495430303332303135393034303031
Wrapper:
0001000100010029CC273000000001381B6C83F8247DB4BDF5D931EE4B8CC370DE8131AC2B1D891CD95F0019DDEDA5101A
=====================================================================
RAW:
C401420009104D495430303332303135393034303031
XML:
<GetResponse>
  <GetResponseNormal>
    <InvokeIdAndPriority Value="42" />
    <Result>
      <Data>
        <OctetString Value="4D495430303332303135393034303031" />
      </Data>
    </Result>
  </GetResponseNormal>
</GetResponse>

PDU:
CC273000000001381B6C83F8247DB4BDF5D931EE4B8CC370DE8131AC2B1D891CD95F0019DDEDA5101A
Ciphered CMD Decrypted PDU:
C401420009104D495430303332303135393034303031
Wrapper:
0001000100010029CC273000000001381B6C83F8247DB4BDF5D931EE4B8CC370DE8131AC2B1D891CD95F0019DDEDA5101A
=====================================================================
RAW:
0001000100010036DB0800000000000000002B300000000927E93317C6DD8BA4E203ACC12588C8354D0B0F2CA9D75F70629D495AACB5407DA0C3D3B3449A
XML:
<GeneralGloCiphering>
  <SystemTitle Value="0000000000000000" />
  <CipheredService Value="300000000927E93317C6DD8BA4E203ACC12588C8354D0B0F2CA9D75F70629D495AACB5407DA0C3D3B3449A" />
</GeneralGloCiphering>

PDU:
DB0800000000000000002B300000000927E93317C6DD8BA4E203ACC12588C8354D0B0F2CA9D75F70629D495AACB5407DA0C3D3B3449A
Ciphered CMD Decrypted PDU:
C10141001600000F0001FF02000202090600000A006AFF120001
Wrapper:
0001000100010036DB0800000000000000002B300000000927E93317C6DD8BA4E203ACC12588C8354D0B0F2CA9D75F70629D495AACB5407DA0C3D3B3449A
=====================================================================
RAW:
DB0800000000000000002B300000000927E93317C6DD8BA4E203ACC12588C8354D0B0F2CA9D75F70629D495AACB5407DA0C3D3B3449A
XML:
<GeneralGloCiphering>
  <SystemTitle Value="0000000000000000" />
  <CipheredService Value="300000000927E93317C6DD8BA4E203ACC12588C8354D0B0F2CA9D75F70629D495AACB5407DA0C3D3B3449A" />
</GeneralGloCiphering>

PDU:
DB0800000000000000002B300000000927E93317C6DD8BA4E203ACC12588C8354D0B0F2CA9D75F70629D495AACB5407DA0C3D3B3449A
Ciphered CMD Decrypted PDU:
C10141001600000F0001FF02000202090600000A006AFF120001
Wrapper:
0001000100010036DB0800000000000000002B300000000927E93317C6DD8BA4E203ACC12588C8354D0B0F2CA9D75F70629D495AACB5407DA0C3D3B3449A
=====================================================================
RAW:
C10141001600000F0001FF02000202090600000A006AFF120001
XML:
<SetRequest>
  <SetRequestNormal>
    <InvokeIdAndPriority Value="41" />
    <AttributeDescriptor>
      <ClassId Value="0016" />
      <InstanceId Value="00000F0001FF" />
      <AttributeId Value="02" />
    </AttributeDescriptor>
    <Value>
      <Structure Qty="02" >
        <OctetString Value="00000A006AFF" />
        <UInt16 Value="0001" />
      </Structure>
    </Value>
  </SetRequestNormal>
</SetRequest>

PDU:
C92B30000000013D1B6F83E73430F2E9C41600DC79BFFF4FEEB50B9C702CED03892DEAA955F457657AA5539F0D
Ciphered CMD Decrypted PDU:
C10141001600000F0001FF02000202090600000A006AFF120001
Wrapper:
000100010001002DC92B30000000013D1B6F83E73430F2E9C41600DC79BFFF4FEEB50B9C702CED03892DEAA955F457657AA5539F0D
=====================================================================
RAW:
0001000100010020DB08343501409015200315300000008C8600B1D994BE668FA01A5AEB636923B7
XML:
<GeneralGloCiphering>
  <SystemTitle Value="3435014090152003" />
  <CipheredService Value="300000008C8600B1D994BE668FA01A5AEB636923B7" />
</GeneralGloCiphering>

PDU:
DB08343501409015200315300000008C8600B1D994BE668FA01A5AEB636923B7
Ciphered CMD Decrypted PDU:
C5014100
Wrapper:
0001000100010020DB08343501409015200315300000008C8600B1D994BE668FA01A5AEB636923B7
=====================================================================
RAW:
DB08343501409015200315300000008C8600B1D994BE668FA01A5AEB636923B7
XML:
<GeneralGloCiphering>
  <SystemTitle Value="3435014090152003" />
  <CipheredService Value="300000008C8600B1D994BE668FA01A5AEB636923B7" />
</GeneralGloCiphering>

PDU:
DB08343501409015200315300000008C8600B1D994BE668FA01A5AEB636923B7
Ciphered CMD Decrypted PDU:
C5014100
Wrapper:
0001000100010020DB08343501409015200315300000008C8600B1D994BE668FA01A5AEB636923B7
=====================================================================
RAW:
C5014100
XML:
<SetResponse>
  <SetResponseNormal>
    <InvokeIdAndPriority Value="41" />
    <Result Value="Success" />
  </SetResponseNormal>
</SetResponse>

PDU:
CD153000000001391B6F837652B2717D15C8DFCFA756EA
Ciphered CMD Decrypted PDU:
C5014100
Wrapper:
0001000100010017CD153000000001391B6F837652B2717D15C8DFCFA756EA
=====================================================================
RAW:
000100010001003ADB0800000000000000002F300000000A266EE8837EB82CB6922E0536F6F2DD6761B1760D32702DF0C2DD24278BBE23B90CABCDD1898E73C0C32B
XML:
<GeneralGloCiphering>
  <SystemTitle Value="0000000000000000" />
  <CipheredService Value="300000000A266EE8837EB82CB6922E0536F6F2DD6761B1760D32702DF0C2DD24278BBE23B90CABCDD1898E73C0C32B" />
</GeneralGloCiphering>

PDU:
DB0800000000000000002F300000000A266EE8837EB82CB6922E0536F6F2DD6761B1760D32702DF0C2DD24278BBE23B90CABCDD1898E73C0C32B
Ciphered CMD Decrypted PDU:
C10142001600000F0001FF040001010202090400000000090514170A0A02
Wrapper:
000100010001003ADB0800000000000000002F300000000A266EE8837EB82CB6922E0536F6F2DD6761B1760D32702DF0C2DD24278BBE23B90CABCDD1898E73C0C32B
=====================================================================
RAW:
DB0800000000000000002F300000000A266EE8837EB82CB6922E0536F6F2DD6761B1760D32702DF0C2DD24278BBE23B90CABCDD1898E73C0C32B
XML:
<GeneralGloCiphering>
  <SystemTitle Value="0000000000000000" />
  <CipheredService Value="300000000A266EE8837EB82CB6922E0536F6F2DD6761B1760D32702DF0C2DD24278BBE23B90CABCDD1898E73C0C32B" />
</GeneralGloCiphering>

PDU:
DB0800000000000000002F300000000A266EE8837EB82CB6922E0536F6F2DD6761B1760D32702DF0C2DD24278BBE23B90CABCDD1898E73C0C32B
Ciphered CMD Decrypted PDU:
C10142001600000F0001FF040001010202090400000000090514170A0A02
Wrapper:
000100010001003ADB0800000000000000002F300000000A266EE8837EB82CB6922E0536F6F2DD6761B1760D32702DF0C2DD24278BBE23B90CABCDD1898E73C0C32B
=====================================================================
RAW:
C10142001600000F0001FF040001010202090400000000090514170A0A02
XML:
<SetRequest>
  <SetRequestNormal>
    <InvokeIdAndPriority Value="42" />
    <AttributeDescriptor>
      <ClassId Value="0016" />
      <InstanceId Value="00000F0001FF" />
      <AttributeId Value="04" />
    </AttributeDescriptor>
    <Value>
      <Array Qty="01" >
        <Structure Qty="02" >
          <OctetString Value="00000000" />
          <OctetString Value="14170A0A02" />
        </Structure>
      </Array>
    </Value>
  </SetRequestNormal>
</SetRequest>

PDU:
C92F30000000013D1B6C83E73430F2E9C41606DC7ABCF44BE7B1019C1AD3F6069CF6B3C00244E7934453DB050DA5E64A11
Ciphered CMD Decrypted PDU:
C10142001600000F0001FF040001010202090400000000090514170A0A02
Wrapper:
0001000100010031C92F30000000013D1B6C83E73430F2E9C41606DC7ABCF44BE7B1019C1AD3F6069CF6B3C00244E7934453DB050DA5E64A11
=====================================================================
RAW:
0001000100010020DB08343501409015200315300000008D934E722EF2D3F7EF8A8C69BCA2576FBD
XML:
<GeneralGloCiphering>
  <SystemTitle Value="3435014090152003" />
  <CipheredService Value="300000008D934E722EF2D3F7EF8A8C69BCA2576FBD" />
</GeneralGloCiphering>

PDU:
DB08343501409015200315300000008D934E722EF2D3F7EF8A8C69BCA2576FBD
Ciphered CMD Decrypted PDU:
C5014200
Wrapper:
0001000100010020DB08343501409015200315300000008D934E722EF2D3F7EF8A8C69BCA2576FBD
=====================================================================
RAW:
DB08343501409015200315300000008D934E722EF2D3F7EF8A8C69BCA2576FBD
XML:
<GeneralGloCiphering>
  <SystemTitle Value="3435014090152003" />
  <CipheredService Value="300000008D934E722EF2D3F7EF8A8C69BCA2576FBD" />
</GeneralGloCiphering>

PDU:
DB08343501409015200315300000008D934E722EF2D3F7EF8A8C69BCA2576FBD
Ciphered CMD Decrypted PDU:
C5014200
Wrapper:
0001000100010020DB08343501409015200315300000008D934E722EF2D3F7EF8A8C69BCA2576FBD
=====================================================================
RAW:
C5014200
XML:
<SetResponse>
  <SetResponseNormal>
    <InvokeIdAndPriority Value="42" />
    <Result Value="Success" />
  </SetResponseNormal>
</SetResponse>

PDU:
CD153000000001391B6C8366F5EB20FE18AEAA6AA78AAE
Ciphered CMD Decrypted PDU:
C5014200
Wrapper:
0001000100010017CD153000000001391B6C8366F5EB20FE18AEAA6AA78AAE
=====================================================================
RAW:
000100010001002CDB08000000000000000021300000000B52A71A4F6B115625A01B170BC408D7C452E5915377B2CCE909132E24
XML:
<GeneralGloCiphering>
  <SystemTitle Value="0000000000000000" />
  <CipheredService Value="300000000B52A71A4F6B115625A01B170BC408D7C452E5915377B2CCE909132E24" />
</GeneralGloCiphering>

PDU:
DB08000000000000000021300000000B52A71A4F6B115625A01B170BC408D7C452E5915377B2CCE909132E24
Ciphered CMD Decrypted PDU:
C30143000900000A0000FF0101120016
Wrapper:
000100010001002CDB08000000000000000021300000000B52A71A4F6B115625A01B170BC408D7C452E5915377B2CCE909132E24
=====================================================================
RAW:
DB08000000000000000021300000000B52A71A4F6B115625A01B170BC408D7C452E5915377B2CCE909132E24
XML:
<GeneralGloCiphering>
  <SystemTitle Value="0000000000000000" />
  <CipheredService Value="300000000B52A71A4F6B115625A01B170BC408D7C452E5915377B2CCE909132E24" />
</GeneralGloCiphering>

PDU:
DB08000000000000000021300000000B52A71A4F6B115625A01B170BC408D7C452E5915377B2CCE909132E24
Ciphered CMD Decrypted PDU:
C30143000900000A0000FF0101120016
Wrapper:
000100010001002CDB08000000000000000021300000000B52A71A4F6B115625A01B170BC408D7C452E5915377B2CCE909132E24
=====================================================================
RAW:
C30143000900000A0000FF0101120016
XML:
<ActionRequest>
  <ActionRequestNormal>
    <InvokeIdAndPriority Value="43" />
    <ActionRequest>
      <ActionRequestNormal>
        <InvokeIdAndPriority Value="43" />
        <MethodDescriptor>
          <ClassId Value="0009" />
          <InstanceId Value="00000A0000FF" />
          <MethodId Value="01" />
        </MethodDescriptor>
        <MethodInvocationParameters>
          <UInt16 Value="0016" />
        </MethodInvocationParameters>
      </ActionRequestNormal>
    </ActionRequest>
  </ActionRequestNormal>
</ActionRequest>

PDU:
CB2130000000013F1B6D83F83430F7E9C51603DD69BDE01B2818349C1C375D06316DC4
Ciphered CMD Decrypted PDU:
C30143000900000A0000FF0101120016
Wrapper:
0001000100010023CB2130000000013F1B6D83F83430F7E9C51603DD69BDE01B2818349C1C375D06316DC4
=====================================================================
RAW:
0001000100010021DB08343501409015200316300000008E1ED1B9436EE816A46E1F440DFC3AA12901
XML:
<GeneralGloCiphering>
  <SystemTitle Value="3435014090152003" />
  <CipheredService Value="300000008E1ED1B9436EE816A46E1F440DFC3AA12901" />
</GeneralGloCiphering>

PDU:
DB08343501409015200316300000008E1ED1B9436EE816A46E1F440DFC3AA12901
Ciphered CMD Decrypted PDU:
C701430000
Wrapper:
0001000100010021DB08343501409015200316300000008E1ED1B9436EE816A46E1F440DFC3AA12901
=====================================================================
RAW:
DB08343501409015200316300000008E1ED1B9436EE816A46E1F440DFC3AA12901
XML:
<GeneralGloCiphering>
  <SystemTitle Value="3435014090152003" />
  <CipheredService Value="300000008E1ED1B9436EE816A46E1F440DFC3AA12901" />
</GeneralGloCiphering>

PDU:
DB08343501409015200316300000008E1ED1B9436EE816A46E1F440DFC3AA12901
Ciphered CMD Decrypted PDU:
C701430000
Wrapper:
0001000100010021DB08343501409015200316300000008E1ED1B9436EE816A46E1F440DFC3AA12901
=====================================================================
RAW:
C701430000
XML:
<ActionResponse>
  <ActionResponseNormal>
    <InvokeIdAndPriority Value="43" />
    <Result Value="Success" />
  </ActionResponseNormal>
</ActionResponse>

PDU:
CF1630000000013B1B6D83F1EC4564ACE156E083DCB941BE
Ciphered CMD Decrypted PDU:
C701430000
Wrapper:
0001000100010018CF1630000000013B1B6D83F1EC4564ACE156E083DCB941BE
=====================================================================
